2024-11-23 21:30:54,374 - ERROR - 
发生错误: [WinError 3] 系统找不到指定的路径。: ''
2024-11-23 21:31:24,242 - ERROR - 
发生错误: [WinError 3] 系统找不到指定的路径。: ''
2024-11-23 21:33:12,907 - INFO - 找到 10 个视频文件
2024-11-23 21:33:12,908 - INFO - 
=== 开始处理 ===
2024-11-23 21:33:12,908 - INFO - - 视频数量: 10
2024-11-23 21:33:12,908 - INFO - - 输入目录: 11-23
2024-11-23 21:33:12,909 - INFO - - 输出文件: .\11-23-final.mp4
2024-11-23 21:33:12,909 - INFO - 
==================================================
2024-11-23 21:33:12,910 - INFO - 处理视频 1/10
2024-11-23 21:33:12,919 - INFO - 文件: Video by 24thspoke.mp4
2024-11-23 21:33:12,920 - INFO - ==================================================
2024-11-23 21:33:12,920 - INFO - 
步骤 1/2: 创建过渡画面
2024-11-23 21:33:13,385 - INFO -   √ 过渡画面添加成功
2024-11-23 21:33:13,385 - INFO - 
步骤 2/2: 加载视频
2024-11-23 21:33:13,587 - WARNING - 视频加载出错，尝试备用方案: MoviePy error: the file Video by 24thspoke.mp4 could not be found!
Please check that you entered the correct path.
2024-11-23 21:33:13,787 - ERROR - 
处理视频出错: MoviePy error: the file Video by 24thspoke.mp4 could not be found!
Please check that you entered the correct path.
2024-11-23 21:33:13,788 - ERROR - 
发生错误: MoviePy error: the file Video by 24thspoke.mp4 could not be found!
Please check that you entered the correct path.
2024-11-23 21:34:38,387 - INFO - 找到 10 个视频文件
2024-11-23 21:34:38,397 - INFO - 
=== 开始处理 ===
2024-11-23 21:34:38,397 - INFO - - 视频数量: 10
2024-11-23 21:34:38,397 - INFO - - 输入目录: 11-23
2024-11-23 21:34:38,398 - INFO - - 输出文件: .\11-23-final.mp4
2024-11-23 21:34:38,398 - INFO - 
==================================================
2024-11-23 21:34:38,399 - INFO - 处理视频 1/10
2024-11-23 21:34:38,399 - INFO - 文件: Video by 24thspoke.mp4
2024-11-23 21:34:38,399 - INFO - ==================================================
2024-11-23 21:34:38,399 - INFO - 
步骤 1/2: 创建过渡画面
2024-11-23 21:34:38,861 - INFO -   √ 过渡画面添加成功
2024-11-23 21:34:38,862 - INFO - 
步骤 2/2: 加载视频
2024-11-23 21:34:39,730 - INFO -   √ 视频添加成功
2024-11-23 21:34:39,730 - INFO - 
==================================================
2024-11-23 21:34:39,731 - INFO - 处理视频 2/10
2024-11-23 21:34:39,731 - INFO - 文件: Video by ai_utkarsh_animal.mp4
2024-11-23 21:34:39,731 - INFO - ==================================================
2024-11-23 21:34:39,732 - INFO - 
步骤 1/2: 创建过渡画面
2024-11-23 21:34:40,180 - INFO -   √ 过渡画面添加成功
2024-11-23 21:34:40,180 - INFO - 
步骤 2/2: 加载视频
2024-11-23 21:34:41,024 - INFO -   √ 视频添加成功
2024-11-23 21:34:41,024 - INFO - 
==================================================
2024-11-23 21:34:41,024 - INFO - 处理视频 3/10
2024-11-23 21:34:41,025 - INFO - 文件: Video by feline_billy_.mp4
2024-11-23 21:34:41,025 - INFO - ==================================================
2024-11-23 21:34:41,025 - INFO - 
步骤 1/2: 创建过渡画面
2024-11-23 21:34:41,471 - INFO -   √ 过渡画面添加成功
2024-11-23 21:34:41,471 - INFO - 
步骤 2/2: 加载视频
2024-11-23 21:34:42,325 - INFO -   √ 视频添加成功
2024-11-23 21:34:42,326 - INFO - 
==================================================
2024-11-23 21:34:42,326 - INFO - 处理视频 4/10
2024-11-23 21:34:42,326 - INFO - 文件: Video by mewooowww0.mp4
2024-11-23 21:34:42,326 - INFO - ==================================================
2024-11-23 21:34:42,327 - INFO - 
步骤 1/2: 创建过渡画面
2024-11-23 21:34:42,773 - INFO -   √ 过渡画面添加成功
2024-11-23 21:34:42,773 - INFO - 
步骤 2/2: 加载视频
2024-11-23 21:34:43,644 - INFO -   √ 视频添加成功
2024-11-23 21:34:43,644 - INFO - 
==================================================
2024-11-23 21:34:43,645 - INFO - 处理视频 5/10
2024-11-23 21:34:43,645 - INFO - 文件: Video by myfoxfamily_official.mp4
2024-11-23 21:34:43,645 - INFO - ==================================================
2024-11-23 21:34:43,645 - INFO - 
步骤 1/2: 创建过渡画面
2024-11-23 21:34:44,092 - INFO -   √ 过渡画面添加成功
2024-11-23 21:34:44,092 - INFO - 
步骤 2/2: 加载视频
2024-11-23 21:34:44,964 - INFO -   √ 视频添加成功
2024-11-23 21:34:44,964 - INFO - 
==================================================
2024-11-23 21:34:44,965 - INFO - 处理视频 6/10
2024-11-23 21:34:44,965 - INFO - 文件: Video by petdaymaker.mp4
2024-11-23 21:34:44,965 - INFO - ==================================================
2024-11-23 21:34:44,966 - INFO - 
步骤 1/2: 创建过渡画面
2024-11-23 21:34:45,417 - INFO -   √ 过渡画面添加成功
2024-11-23 21:34:45,417 - INFO - 
步骤 2/2: 加载视频
2024-11-23 21:34:46,262 - INFO -   √ 视频添加成功
2024-11-23 21:34:46,262 - INFO - 
==================================================
2024-11-23 21:34:46,263 - INFO - 处理视频 7/10
2024-11-23 21:34:46,263 - INFO - 文件: Video by pubity.mp4
2024-11-23 21:34:46,263 - INFO - ==================================================
2024-11-23 21:34:46,263 - INFO - 
步骤 1/2: 创建过渡画面
2024-11-23 21:34:46,708 - INFO -   √ 过渡画面添加成功
2024-11-23 21:34:46,709 - INFO - 
步骤 2/2: 加载视频
2024-11-23 21:34:47,641 - INFO -   √ 视频添加成功
2024-11-23 21:34:47,642 - INFO - 
==================================================
2024-11-23 21:34:47,642 - INFO - 处理视频 8/10
2024-11-23 21:34:47,642 - INFO - 文件: Video by tanya_tumilevich.mp4
2024-11-23 21:34:47,643 - INFO - ==================================================
2024-11-23 21:34:47,643 - INFO - 
步骤 1/2: 创建过渡画面
2024-11-23 21:34:48,089 - INFO -   √ 过渡画面添加成功
2024-11-23 21:34:48,090 - INFO - 
步骤 2/2: 加载视频
2024-11-23 21:34:48,964 - INFO -   √ 视频添加成功
2024-11-23 21:34:48,965 - INFO - 
==================================================
2024-11-23 21:34:48,965 - INFO - 处理视频 9/10
2024-11-23 21:34:48,966 - INFO - 文件: Video by technology.mp4
2024-11-23 21:34:48,966 - INFO - ==================================================
2024-11-23 21:34:48,966 - INFO - 
步骤 1/2: 创建过渡画面
2024-11-23 21:34:49,413 - INFO -   √ 过渡画面添加成功
2024-11-23 21:34:49,414 - INFO - 
步骤 2/2: 加载视频
2024-11-23 21:34:50,327 - INFO -   √ 视频添加成功
2024-11-23 21:34:50,327 - INFO - 
==================================================
2024-11-23 21:34:50,328 - INFO - 处理视频 10/10
2024-11-23 21:34:50,328 - INFO - 文件: Video by xrcat1.mp4
2024-11-23 21:34:50,328 - INFO - ==================================================
2024-11-23 21:34:50,329 - INFO - 
步骤 1/2: 创建过渡画面
2024-11-23 21:34:50,789 - INFO -   √ 过渡画面添加成功
2024-11-23 21:34:50,789 - INFO - 
步骤 2/2: 加载视频
2024-11-23 21:34:51,645 - INFO -   √ 视频添加成功
2024-11-23 21:34:51,646 - INFO - 
添加最终过渡画面
2024-11-23 21:34:52,103 - INFO -   √ 最终过渡画面添加成功
2024-11-23 21:34:52,103 - INFO - 
=== 最终合并 ===
2024-11-23 21:34:52,103 - INFO - - 待合并片段数: 21
2024-11-23 21:34:52,104 - INFO - - 输出文件: .\11-23-final.mp4
2024-11-23 21:34:52,212 - INFO -   √ 片段合并成功
2024-11-23 21:34:52,213 - INFO - 
写入最终文件...
2024-11-23 21:35:49,901 - INFO -   √ 文件写入成功
2024-11-23 21:35:49,963 - INFO - 
=== 处理完成 ===
2024-11-23 21:35:49,963 - INFO - 输出文件: .\11-23-final.mp4
2024-11-23 21:42:58,535 - INFO - 找到 10 个视频文件
2024-11-23 21:42:58,545 - INFO - 
=== 开始处理 ===
2024-11-23 21:42:58,546 - INFO - - 视频数量: 10
2024-11-23 21:42:58,546 - INFO - - 输入目录: 11-23
2024-11-23 21:42:58,546 - INFO - - 输出文件: 11-23\11-23-final.mp4
2024-11-23 21:42:58,547 - INFO - ==================================================
2024-11-23 21:42:58,547 - INFO - 处理视频 1/10
2024-11-23 21:42:58,547 - INFO - 文件: Video by 24thspoke.mp4
2024-11-23 21:42:58,547 - INFO - ==================================================
2024-11-23 21:42:58,548 - INFO - 
步骤 1/2: 创建过渡画面
2024-11-23 21:42:59,006 - INFO -   √ 过渡画面添加成功
2024-11-23 21:42:59,006 - INFO - 
步骤 2/2: 加载视频
2024-11-23 21:42:59,868 - INFO -   √ 视频添加成功
2024-11-23 21:42:59,869 - INFO - ==================================================
2024-11-23 21:42:59,869 - INFO - 处理视频 2/10
2024-11-23 21:42:59,870 - INFO - 文件: Video by ai_utkarsh_animal.mp4
2024-11-23 21:42:59,870 - INFO - ==================================================
2024-11-23 21:42:59,870 - INFO - 
步骤 1/2: 创建过渡画面
2024-11-23 21:43:00,315 - INFO -   √ 过渡画面添加成功
2024-11-23 21:43:00,315 - INFO - 
步骤 2/2: 加载视频
2024-11-23 21:43:01,161 - INFO -   √ 视频添加成功
2024-11-23 21:43:01,161 - INFO - ==================================================
2024-11-23 21:43:01,162 - INFO - 处理视频 3/10
2024-11-23 21:43:01,162 - INFO - 文件: Video by feline_billy_.mp4
2024-11-23 21:43:01,162 - INFO - ==================================================
2024-11-23 21:43:01,162 - INFO - 
步骤 1/2: 创建过渡画面
2024-11-23 21:43:01,608 - INFO -   √ 过渡画面添加成功
2024-11-23 21:43:01,609 - INFO - 
步骤 2/2: 加载视频
2024-11-23 21:43:02,468 - INFO -   √ 视频添加成功
2024-11-23 21:43:02,469 - INFO - ==================================================
2024-11-23 21:43:02,469 - INFO - 处理视频 4/10
2024-11-23 21:43:02,469 - INFO - 文件: Video by mewooowww0.mp4
2024-11-23 21:43:02,470 - INFO - ==================================================
2024-11-23 21:43:02,470 - INFO - 
步骤 1/2: 创建过渡画面
2024-11-23 21:43:02,922 - INFO -   √ 过渡画面添加成功
2024-11-23 21:43:02,922 - INFO - 
步骤 2/2: 加载视频
2024-11-23 21:43:03,793 - INFO -   √ 视频添加成功
2024-11-23 21:43:03,793 - INFO - ==================================================
2024-11-23 21:43:03,794 - INFO - 处理视频 5/10
2024-11-23 21:43:03,794 - INFO - 文件: Video by myfoxfamily_official.mp4
2024-11-23 21:43:03,794 - INFO - ==================================================
2024-11-23 21:43:03,794 - INFO - 
步骤 1/2: 创建过渡画面
2024-11-23 21:43:04,239 - INFO -   √ 过渡画面添加成功
2024-11-23 21:43:04,239 - INFO - 
步骤 2/2: 加载视频
2024-11-23 21:43:05,110 - INFO -   √ 视频添加成功
2024-11-23 21:43:05,111 - INFO - ==================================================
2024-11-23 21:43:05,111 - INFO - 处理视频 6/10
2024-11-23 21:43:05,112 - INFO - 文件: Video by petdaymaker.mp4
2024-11-23 21:43:05,112 - INFO - ==================================================
2024-11-23 21:43:05,112 - INFO - 
步骤 1/2: 创建过渡画面
2024-11-23 21:43:05,557 - INFO -   √ 过渡画面添加成功
2024-11-23 21:43:05,558 - INFO - 
步骤 2/2: 加载视频
2024-11-23 21:43:06,405 - INFO -   √ 视频添加成功
2024-11-23 21:43:06,405 - INFO - ==================================================
2024-11-23 21:43:06,405 - INFO - 处理视频 7/10
2024-11-23 21:43:06,406 - INFO - 文件: Video by pubity.mp4
2024-11-23 21:43:06,406 - INFO - ==================================================
2024-11-23 21:43:06,406 - INFO - 
步骤 1/2: 创建过渡画面
2024-11-23 21:43:06,857 - INFO -   √ 过渡画面添加成功
2024-11-23 21:43:06,858 - INFO - 
步骤 2/2: 加载视频
2024-11-23 21:43:07,801 - INFO -   √ 视频添加成功
2024-11-23 21:43:07,802 - INFO - ==================================================
2024-11-23 21:43:07,802 - INFO - 处理视频 8/10
2024-11-23 21:43:07,802 - INFO - 文件: Video by tanya_tumilevich.mp4
2024-11-23 21:43:07,803 - INFO - ==================================================
2024-11-23 21:43:07,803 - INFO - 
步骤 1/2: 创建过渡画面
2024-11-23 21:43:08,248 - INFO -   √ 过渡画面添加成功
2024-11-23 21:43:08,249 - INFO - 
步骤 2/2: 加载视频
2024-11-23 21:43:09,123 - INFO -   √ 视频添加成功
2024-11-23 21:43:09,123 - INFO - ==================================================
2024-11-23 21:43:09,123 - INFO - 处理视频 9/10
2024-11-23 21:43:09,124 - INFO - 文件: Video by technology.mp4
2024-11-23 21:43:09,124 - INFO - ==================================================
2024-11-23 21:43:09,124 - INFO - 
步骤 1/2: 创建过渡画面
2024-11-23 21:43:09,570 - INFO -   √ 过渡画面添加成功
2024-11-23 21:43:09,570 - INFO - 
步骤 2/2: 加载视频
2024-11-23 21:43:10,452 - INFO -   √ 视频添加成功
2024-11-23 21:43:10,452 - INFO - ==================================================
2024-11-23 21:43:10,452 - INFO - 处理视频 10/10
2024-11-23 21:43:10,453 - INFO - 文件: Video by xrcat1.mp4
2024-11-23 21:43:10,453 - INFO - ==================================================
2024-11-23 21:43:10,453 - INFO - 
步骤 1/2: 创建过渡画面
2024-11-23 21:43:10,900 - INFO -   √ 过渡画面添加成功
2024-11-23 21:43:10,901 - INFO - 
步骤 2/2: 加载视频
2024-11-23 21:43:11,785 - INFO -   √ 视频添加成功
2024-11-23 21:43:11,786 - INFO - 
添加最终过渡画面
2024-11-23 21:43:12,234 - INFO -   √ 最终过渡画面添加成功
2024-11-23 21:43:12,235 - INFO - 
=== 最终合并 ===
2024-11-23 21:43:12,235 - INFO - - 待合并片段数: 21
2024-11-23 21:43:12,235 - INFO - - 输出文件: 11-23\11-23-final.mp4
2024-11-23 21:43:12,315 - INFO -   √ 片段合并成功
2024-11-23 21:43:12,316 - INFO - 
写入最终文件...
2024-11-23 21:44:09,996 - INFO -   √ 文件写入成功
2024-11-23 21:44:10,062 - INFO - 
=== 处理完成 ===
2024-11-23 21:44:10,062 - INFO - 输出文件: 11-23\11-23-final.mp4
2024-11-23 21:47:42,092 - INFO - 找到 10 个视频文件
2024-11-23 21:47:42,103 - INFO - 
=== 开始处理 ===
2024-11-23 21:47:42,103 - INFO - - 视频数量: 10
2024-11-23 21:47:42,104 - INFO - - 输入目录: 11-23
2024-11-23 21:47:42,104 - INFO - - 输出文件: 11-23\11-23-final.mp4
2024-11-23 21:47:42,104 - INFO - ==================================================
2024-11-23 21:47:42,104 - INFO - 处理视频 1/10
2024-11-23 21:47:42,104 - INFO - 文件: Video by ai_utkarsh_animal.mp4
2024-11-23 21:47:42,104 - INFO - ==================================================
2024-11-23 21:47:42,105 - INFO - 
步骤 1/2: 创建过渡画面
2024-11-23 21:47:42,564 - INFO -   √ 过渡画面添加成功
2024-11-23 21:47:42,565 - INFO - 
步骤 2/2: 加载视频
2024-11-23 21:47:43,413 - INFO -   √ 视频添加成功
2024-11-23 21:47:43,414 - INFO - ==================================================
2024-11-23 21:47:43,414 - INFO - 处理视频 2/10
2024-11-23 21:47:43,415 - INFO - 文件: Video by feline_billy_.mp4
2024-11-23 21:47:43,415 - INFO - ==================================================
2024-11-23 21:47:43,415 - INFO - 
步骤 1/2: 创建过渡画面
2024-11-23 21:47:43,861 - INFO -   √ 过渡画面添加成功
2024-11-23 21:47:43,861 - INFO - 
步骤 2/2: 加载视频
2024-11-23 21:47:44,714 - INFO -   √ 视频添加成功
2024-11-23 21:47:44,714 - INFO - ==================================================
2024-11-23 21:47:44,715 - INFO - 处理视频 3/10
2024-11-23 21:47:44,715 - INFO - 文件: Video by mewooowww0.mp4
2024-11-23 21:47:44,715 - INFO - ==================================================
2024-11-23 21:47:44,716 - INFO - 
步骤 1/2: 创建过渡画面
2024-11-23 21:47:45,157 - INFO -   √ 过渡画面添加成功
2024-11-23 21:47:45,157 - INFO - 
步骤 2/2: 加载视频
2024-11-23 21:47:46,029 - INFO -   √ 视频添加成功
2024-11-23 21:47:46,029 - INFO - ==================================================
2024-11-23 21:47:46,030 - INFO - 处理视频 4/10
2024-11-23 21:47:46,030 - INFO - 文件: Video by myfoxfamily_official.mp4
2024-11-23 21:47:46,030 - INFO - ==================================================
2024-11-23 21:47:46,031 - INFO - 
步骤 1/2: 创建过渡画面
2024-11-23 21:47:46,477 - INFO -   √ 过渡画面添加成功
2024-11-23 21:47:46,478 - INFO - 
步骤 2/2: 加载视频
2024-11-23 21:47:47,343 - INFO -   √ 视频添加成功
2024-11-23 21:47:47,343 - INFO - ==================================================
2024-11-23 21:47:47,343 - INFO - 处理视频 5/10
2024-11-23 21:47:47,344 - INFO - 文件: Video by petdaymaker.mp4
2024-11-23 21:47:47,344 - INFO - ==================================================
2024-11-23 21:47:47,344 - INFO - 
步骤 1/2: 创建过渡画面
2024-11-23 21:47:47,791 - INFO -   √ 过渡画面添加成功
2024-11-23 21:47:47,791 - INFO - 
步骤 2/2: 加载视频
2024-11-23 21:47:48,634 - INFO -   √ 视频添加成功
2024-11-23 21:47:48,634 - INFO - ==================================================
2024-11-23 21:47:48,635 - INFO - 处理视频 6/10
2024-11-23 21:47:48,635 - INFO - 文件: Video by pubity.mp4
2024-11-23 21:47:48,635 - INFO - ==================================================
2024-11-23 21:47:48,635 - INFO - 
步骤 1/2: 创建过渡画面
2024-11-23 21:47:49,078 - INFO -   √ 过渡画面添加成功
2024-11-23 21:47:49,078 - INFO - 
步骤 2/2: 加载视频
2024-11-23 21:47:50,008 - INFO -   √ 视频添加成功
2024-11-23 21:47:50,009 - INFO - ==================================================
2024-11-23 21:47:50,009 - INFO - 处理视频 7/10
2024-11-23 21:47:50,009 - INFO - 文件: Video by tanya_tumilevich.mp4
2024-11-23 21:47:50,010 - INFO - ==================================================
2024-11-23 21:47:50,010 - INFO - 
步骤 1/2: 创建过渡画面
2024-11-23 21:47:50,457 - INFO -   √ 过渡画面添加成功
2024-11-23 21:47:50,457 - INFO - 
步骤 2/2: 加载视频
2024-11-23 21:47:51,347 - INFO -   √ 视频添加成功
2024-11-23 21:47:51,347 - INFO - ==================================================
2024-11-23 21:47:51,348 - INFO - 处理视频 8/10
2024-11-23 21:47:51,348 - INFO - 文件: Video by technology.mp4
2024-11-23 21:47:51,348 - INFO - ==================================================
2024-11-23 21:47:51,348 - INFO - 
步骤 1/2: 创建过渡画面
2024-11-23 21:47:51,794 - INFO -   √ 过渡画面添加成功
2024-11-23 21:47:51,795 - INFO - 
步骤 2/2: 加载视频
2024-11-23 21:47:52,674 - INFO -   √ 视频添加成功
2024-11-23 21:47:52,674 - INFO - ==================================================
2024-11-23 21:47:52,674 - INFO - 处理视频 9/10
2024-11-23 21:47:52,675 - INFO - 文件: Video by xrcat1.mp4
2024-11-23 21:47:52,675 - INFO - ==================================================
2024-11-23 21:47:52,675 - INFO - 
步骤 1/2: 创建过渡画面
2024-11-23 21:47:53,117 - INFO -   √ 过渡画面添加成功
2024-11-23 21:47:53,117 - INFO - 
步骤 2/2: 加载视频
2024-11-23 21:47:53,989 - INFO -   √ 视频添加成功
2024-11-23 21:47:53,989 - INFO - ==================================================
2024-11-23 21:47:53,989 - INFO - 处理视频 10/10
2024-11-23 21:47:53,990 - INFO - 文件: Video by y24thspoke.mp4
2024-11-23 21:47:53,990 - INFO - ==================================================
2024-11-23 21:47:53,990 - INFO - 
步骤 1/2: 创建过渡画面
2024-11-23 21:47:54,443 - INFO -   √ 过渡画面添加成功
2024-11-23 21:47:54,444 - INFO - 
步骤 2/2: 加载视频
2024-11-23 21:47:55,300 - INFO -   √ 视频添加成功
2024-11-23 21:47:55,300 - INFO - 
添加最终过渡画面
2024-11-23 21:47:55,751 - INFO -   √ 最终过渡画面添加成功
2024-11-23 21:47:55,752 - INFO - 
=== 最终合并 ===
2024-11-23 21:47:55,752 - INFO - - 待合并片段数: 21
2024-11-23 21:47:55,752 - INFO - - 输出文件: 11-23\11-23-final.mp4
2024-11-23 21:47:55,831 - INFO -   √ 片段合并成功
2024-11-23 21:47:55,831 - INFO - 
写入最终文件...
2024-11-23 21:48:52,947 - INFO -   √ 文件写入成功
2024-11-23 21:48:53,012 - INFO - 
=== 处理完成 ===
2024-11-23 21:48:53,013 - INFO - 输出文件: 11-23\11-23-final.mp4
2024-11-23 21:52:50,178 - INFO - 找到 10 个视频文件
2024-11-23 21:52:50,179 - INFO - 
=== 开始处理 ===
2024-11-23 21:52:50,179 - INFO - - 视频数量: 10
2024-11-23 21:52:50,180 - INFO - - 输入目录: 11-23
2024-11-23 21:52:50,180 - INFO - - 输出文件: 11-23\11-23\11-23-final.mp4
2024-11-23 21:52:50,180 - INFO - ==================================================
2024-11-23 21:52:50,180 - INFO - 处理视频 1/10
2024-11-23 21:52:50,181 - INFO - 文件: Video by ai_utkarsh_animal.mp4
2024-11-23 21:52:50,181 - INFO - ==================================================
2024-11-23 21:52:50,181 - INFO - 
步骤 1/2: 创建过渡画面
2024-11-23 21:52:50,640 - INFO -   √ 过渡画面添加成功
2024-11-23 21:52:50,640 - INFO - 
步骤 2/2: 加载视频
2024-11-23 21:52:51,498 - INFO -   √ 视频添加成功
2024-11-23 21:52:51,498 - INFO - ==================================================
2024-11-23 21:52:51,499 - INFO - 处理视频 2/10
2024-11-23 21:52:51,499 - INFO - 文件: Video by aypetdaymaker.mp4
2024-11-23 21:52:51,499 - INFO - ==================================================
2024-11-23 21:52:51,500 - INFO - 
步骤 1/2: 创建过渡画面
2024-11-23 21:52:51,943 - INFO -   √ 过渡画面添加成功
2024-11-23 21:52:51,944 - INFO - 
步骤 2/2: 加载视频
2024-11-23 21:52:52,791 - INFO -   √ 视频添加成功
2024-11-23 21:52:52,792 - INFO - ==================================================
2024-11-23 21:52:52,792 - INFO - 处理视频 3/10
2024-11-23 21:52:52,792 - INFO - 文件: Video by mewooowww0.mp4
2024-11-23 21:52:52,792 - INFO - ==================================================
2024-11-23 21:52:52,793 - INFO - 
步骤 1/2: 创建过渡画面
2024-11-23 21:52:53,236 - INFO -   √ 过渡画面添加成功
2024-11-23 21:52:53,237 - INFO - 
步骤 2/2: 加载视频
2024-11-23 21:52:54,108 - INFO -   √ 视频添加成功
2024-11-23 21:52:54,108 - INFO - ==================================================
2024-11-23 21:52:54,108 - INFO - 处理视频 4/10
2024-11-23 21:52:54,109 - INFO - 文件: Video by myfoxfamily_official.mp4
2024-11-23 21:52:54,109 - INFO - ==================================================
2024-11-23 21:52:54,109 - INFO - 
步骤 1/2: 创建过渡画面
2024-11-23 21:52:54,555 - INFO -   √ 过渡画面添加成功
2024-11-23 21:52:54,556 - INFO - 
步骤 2/2: 加载视频
2024-11-23 21:52:55,424 - INFO -   √ 视频添加成功
2024-11-23 21:52:55,425 - INFO - ==================================================
2024-11-23 21:52:55,425 - INFO - 处理视频 5/10
2024-11-23 21:52:55,425 - INFO - 文件: Video by nfeline_billy_.mp4
2024-11-23 21:52:55,425 - INFO - ==================================================
2024-11-23 21:52:55,426 - INFO - 
步骤 1/2: 创建过渡画面
2024-11-23 21:52:55,867 - INFO -   √ 过渡画面添加成功
2024-11-23 21:52:55,868 - INFO - 
步骤 2/2: 加载视频
2024-11-23 21:52:56,740 - INFO -   √ 视频添加成功
2024-11-23 21:52:56,741 - INFO - ==================================================
2024-11-23 21:52:56,741 - INFO - 处理视频 6/10
2024-11-23 21:52:56,741 - INFO - 文件: Video by pubity.mp4
2024-11-23 21:52:56,742 - INFO - ==================================================
2024-11-23 21:52:56,742 - INFO - 
步骤 1/2: 创建过渡画面
2024-11-23 21:52:57,188 - INFO -   √ 过渡画面添加成功
2024-11-23 21:52:57,188 - INFO - 
步骤 2/2: 加载视频
2024-11-23 21:52:58,119 - INFO -   √ 视频添加成功
2024-11-23 21:52:58,120 - INFO - ==================================================
2024-11-23 21:52:58,120 - INFO - 处理视频 7/10
2024-11-23 21:52:58,120 - INFO - 文件: Video by tanya_tumilevich.mp4
2024-11-23 21:52:58,121 - INFO - ==================================================
2024-11-23 21:52:58,121 - INFO - 
步骤 1/2: 创建过渡画面
2024-11-23 21:52:58,565 - INFO -   √ 过渡画面添加成功
2024-11-23 21:52:58,566 - INFO - 
步骤 2/2: 加载视频
2024-11-23 21:52:59,447 - INFO -   √ 视频添加成功
2024-11-23 21:52:59,447 - INFO - ==================================================
2024-11-23 21:52:59,448 - INFO - 处理视频 8/10
2024-11-23 21:52:59,448 - INFO - 文件: Video by technology.mp4
2024-11-23 21:52:59,448 - INFO - ==================================================
2024-11-23 21:52:59,449 - INFO - 
步骤 1/2: 创建过渡画面
2024-11-23 21:52:59,897 - INFO -   √ 过渡画面添加成功
2024-11-23 21:52:59,897 - INFO - 
步骤 2/2: 加载视频
2024-11-23 21:53:00,781 - INFO -   √ 视频添加成功
2024-11-23 21:53:00,782 - INFO - ==================================================
2024-11-23 21:53:00,782 - INFO - 处理视频 9/10
2024-11-23 21:53:00,783 - INFO - 文件: Video by xrcat1.mp4
2024-11-23 21:53:00,783 - INFO - ==================================================
2024-11-23 21:53:00,783 - INFO - 
步骤 1/2: 创建过渡画面
2024-11-23 21:53:01,234 - INFO -   √ 过渡画面添加成功
2024-11-23 21:53:01,234 - INFO - 
步骤 2/2: 加载视频
2024-11-23 21:53:02,091 - INFO -   √ 视频添加成功
2024-11-23 21:53:02,092 - INFO - ==================================================
2024-11-23 21:53:02,092 - INFO - 处理视频 10/10
2024-11-23 21:53:02,092 - INFO - 文件: Video by y24thspoke.mp4
2024-11-23 21:53:02,092 - INFO - ==================================================
2024-11-23 21:53:02,093 - INFO - 
步骤 1/2: 创建过渡画面
2024-11-23 21:53:02,543 - INFO -   √ 过渡画面添加成功
2024-11-23 21:53:02,544 - INFO - 
步骤 2/2: 加载视频
2024-11-23 21:53:03,406 - INFO -   √ 视频添加成功
2024-11-23 21:53:03,406 - INFO - 
添加最终过渡画面
2024-11-23 21:53:03,855 - INFO -   √ 最终过渡画面添加成功
2024-11-23 21:53:03,856 - INFO - 
=== 最终合并 ===
2024-11-23 21:53:03,856 - INFO - - 待合并片段数: 21
2024-11-23 21:53:03,857 - INFO - - 输出文件: 11-23\11-23\11-23-final.mp4
2024-11-23 21:53:03,938 - INFO -   √ 片段合并成功
2024-11-23 21:53:03,938 - INFO - 
写入最终文件...
2024-11-23 21:54:00,911 - INFO -   √ 文件写入成功
2024-11-23 21:54:00,974 - INFO - 
=== 处理完成 ===
2024-11-23 21:54:00,975 - INFO - 输出文件: 11-23\11-23\11-23-final.mp4
2024-11-23 21:55:47,275 - INFO - 找到 10 个视频文件
2024-11-23 21:55:47,276 - INFO - 
=== 开始处理 ===
2024-11-23 21:55:47,276 - INFO - - 视频数量: 10
2024-11-23 21:55:47,277 - INFO - - 输入目录: 11-23
2024-11-23 21:55:47,277 - INFO - - 输出文件: 11-23\11-23\11-23-final.mp4
2024-11-23 21:55:47,277 - INFO - ==================================================
2024-11-23 21:55:47,277 - INFO - 处理视频 1/10
2024-11-23 21:55:47,278 - INFO - 文件: Video by ai_utkarsh_animal.mp4
2024-11-23 21:55:47,278 - INFO - ==================================================
2024-11-23 21:55:47,278 - INFO - 
步骤 1/2: 创建过渡画面
2024-11-23 21:55:47,734 - INFO -   √ 过渡画面添加成功
2024-11-23 21:55:47,735 - INFO - 
步骤 2/2: 加载视频
2024-11-23 21:55:48,587 - INFO -   √ 视频添加成功
2024-11-23 21:55:48,587 - INFO - ==================================================
2024-11-23 21:55:48,587 - INFO - 处理视频 2/10
2024-11-23 21:55:48,588 - INFO - 文件: Video by aypetdaymaker.mp4
2024-11-23 21:55:48,588 - INFO - ==================================================
2024-11-23 21:55:48,588 - INFO - 
步骤 1/2: 创建过渡画面
2024-11-23 21:55:49,030 - INFO -   √ 过渡画面添加成功
2024-11-23 21:55:49,031 - INFO - 
步骤 2/2: 加载视频
2024-11-23 21:55:49,900 - INFO -   √ 视频添加成功
2024-11-23 21:55:49,901 - INFO - ==================================================
2024-11-23 21:55:49,901 - INFO - 处理视频 3/10
2024-11-23 21:55:49,901 - INFO - 文件: Video by mewooowww0.mp4
2024-11-23 21:55:49,902 - INFO - ==================================================
2024-11-23 21:55:49,902 - INFO - 
步骤 1/2: 创建过渡画面
2024-11-23 21:55:50,347 - INFO -   √ 过渡画面添加成功
2024-11-23 21:55:50,348 - INFO - 
步骤 2/2: 加载视频
2024-11-23 21:55:51,242 - INFO -   √ 视频添加成功
2024-11-23 21:55:51,242 - INFO - ==================================================
2024-11-23 21:55:51,242 - INFO - 处理视频 4/10
2024-11-23 21:55:51,243 - INFO - 文件: Video by myfoxfamily_official.mp4
2024-11-23 21:55:51,243 - INFO - ==================================================
2024-11-23 21:55:51,243 - INFO - 
步骤 1/2: 创建过渡画面
2024-11-23 21:55:51,695 - INFO -   √ 过渡画面添加成功
2024-11-23 21:55:51,695 - INFO - 
步骤 2/2: 加载视频
2024-11-23 21:55:52,563 - INFO -   √ 视频添加成功
2024-11-23 21:55:52,563 - INFO - ==================================================
2024-11-23 21:55:52,563 - INFO - 处理视频 5/10
2024-11-23 21:55:52,564 - INFO - 文件: Video by nfeline_billy_.mp4
2024-11-23 21:55:52,564 - INFO - ==================================================
2024-11-23 21:55:52,564 - INFO - 
步骤 1/2: 创建过渡画面
2024-11-23 21:55:53,007 - INFO -   √ 过渡画面添加成功
2024-11-23 21:55:53,007 - INFO - 
步骤 2/2: 加载视频
2024-11-23 21:55:53,869 - INFO -   √ 视频添加成功
2024-11-23 21:55:53,869 - INFO - ==================================================
2024-11-23 21:55:53,869 - INFO - 处理视频 6/10
2024-11-23 21:55:53,870 - INFO - 文件: Video by pubity.mp4
2024-11-23 21:55:53,870 - INFO - ==================================================
2024-11-23 21:55:53,870 - INFO - 
步骤 1/2: 创建过渡画面
2024-11-23 21:55:54,337 - INFO -   √ 过渡画面添加成功
2024-11-23 21:55:54,337 - INFO - 
步骤 2/2: 加载视频
2024-11-23 21:55:55,296 - INFO -   √ 视频添加成功
2024-11-23 21:55:55,297 - INFO - ==================================================
2024-11-23 21:55:55,297 - INFO - 处理视频 7/10
2024-11-23 21:55:55,297 - INFO - 文件: Video by tanya_tumilevich.mp4
2024-11-23 21:55:55,297 - INFO - ==================================================
2024-11-23 21:55:55,298 - INFO - 
步骤 1/2: 创建过渡画面
2024-11-23 21:55:55,745 - INFO -   √ 过渡画面添加成功
2024-11-23 21:55:55,745 - INFO - 
步骤 2/2: 加载视频
2024-11-23 21:55:56,630 - INFO -   √ 视频添加成功
2024-11-23 21:55:56,631 - INFO - ==================================================
2024-11-23 21:55:56,631 - INFO - 处理视频 8/10
2024-11-23 21:55:56,631 - INFO - 文件: Video by technology.mp4
2024-11-23 21:55:56,631 - INFO - ==================================================
2024-11-23 21:55:56,632 - INFO - 
步骤 1/2: 创建过渡画面
2024-11-23 21:55:57,098 - INFO -   √ 过渡画面添加成功
2024-11-23 21:55:57,098 - INFO - 
步骤 2/2: 加载视频
2024-11-23 21:55:58,002 - INFO -   √ 视频添加成功
2024-11-23 21:55:58,002 - INFO - ==================================================
2024-11-23 21:55:58,003 - INFO - 处理视频 9/10
2024-11-23 21:55:58,003 - INFO - 文件: Video by xrcat1.mp4
2024-11-23 21:55:58,003 - INFO - ==================================================
2024-11-23 21:55:58,003 - INFO - 
步骤 1/2: 创建过渡画面
2024-11-23 21:55:58,451 - INFO -   √ 过渡画面添加成功
2024-11-23 21:55:58,451 - INFO - 
步骤 2/2: 加载视频
2024-11-23 21:55:59,330 - INFO -   √ 视频添加成功
2024-11-23 21:55:59,330 - INFO - ==================================================
2024-11-23 21:55:59,330 - INFO - 处理视频 10/10
2024-11-23 21:55:59,331 - INFO - 文件: Video by y24thspoke.mp4
2024-11-23 21:55:59,331 - INFO - ==================================================
2024-11-23 21:55:59,331 - INFO - 
步骤 1/2: 创建过渡画面
2024-11-23 21:55:59,785 - INFO -   √ 过渡画面添加成功
2024-11-23 21:55:59,785 - INFO - 
步骤 2/2: 加载视频
2024-11-23 21:56:00,649 - INFO -   √ 视频添加成功
2024-11-23 21:56:00,649 - INFO - 
添加最终过渡画面
2024-11-23 21:56:01,101 - INFO -   √ 最终过渡画面添加成功
2024-11-23 21:56:01,102 - INFO - 
=== 最终合并 ===
2024-11-23 21:56:01,102 - INFO - - 待合并片段数: 21
2024-11-23 21:56:01,102 - INFO - - 输出文件: 11-23\11-23\11-23-final.mp4
2024-11-23 21:56:01,182 - INFO -   √ 片段合并成功
2024-11-23 21:56:01,183 - INFO - 
写入最终文件...
2024-11-23 21:57:01,441 - INFO -   √ 文件写入成功
2024-11-23 21:57:01,504 - INFO - 
=== 处理完成 ===
2024-11-23 21:57:01,504 - INFO - 输出文件: 11-23\11-23\11-23-final.mp4
2024-11-23 21:59:49,754 - ERROR - 
发生错误: [WinError 3] 系统找不到指定的路径。: ''
2024-11-23 22:01:15,385 - INFO - 找到 10 个视频文件
2024-11-23 22:01:15,395 - INFO - 
=== 开始处理 ===
2024-11-23 22:01:15,396 - INFO - - 视频数量: 10
2024-11-23 22:01:15,396 - INFO - - 输入目录: C:\Users\Bugco\Desktop\insGenerate\11-23
2024-11-23 22:01:15,396 - INFO - - 输出文件: C:\Users\Bugco\Desktop\insGenerate\11-23\11-23-final.mp4
2024-11-23 22:01:15,397 - INFO - ==================================================
2024-11-23 22:01:15,397 - INFO - 处理视频 1/10
2024-11-23 22:01:15,397 - INFO - 文件: Video by ai_utkarsh_animal.mp4
2024-11-23 22:01:15,398 - INFO - ==================================================
2024-11-23 22:01:15,398 - INFO - 
步骤 1/2: 创建过渡画面
2024-11-23 22:01:15,862 - INFO -   √ 过渡画面添加成功
2024-11-23 22:01:15,862 - INFO - 
步骤 2/2: 加载视频
2024-11-23 22:01:16,717 - INFO -   √ 视频添加成功
2024-11-23 22:01:16,718 - INFO - ==================================================
2024-11-23 22:01:16,718 - INFO - 处理视频 2/10
2024-11-23 22:01:16,718 - INFO - 文件: Video by aypetdaymaker.mp4
2024-11-23 22:01:16,719 - INFO - ==================================================
2024-11-23 22:01:16,719 - INFO - 
步骤 1/2: 创建过渡画面
2024-11-23 22:01:17,163 - INFO -   √ 过渡画面添加成功
2024-11-23 22:01:17,163 - INFO - 
步骤 2/2: 加载视频
2024-11-23 22:01:18,007 - INFO -   √ 视频添加成功
2024-11-23 22:01:18,007 - INFO - ==================================================
2024-11-23 22:01:18,008 - INFO - 处理视频 3/10
2024-11-23 22:01:18,008 - INFO - 文件: Video by mewooowww0.mp4
2024-11-23 22:01:18,008 - INFO - ==================================================
2024-11-23 22:01:18,008 - INFO - 
步骤 1/2: 创建过渡画面
2024-11-23 22:01:18,454 - INFO -   √ 过渡画面添加成功
2024-11-23 22:01:18,454 - INFO - 
步骤 2/2: 加载视频
2024-11-23 22:01:19,331 - INFO -   √ 视频添加成功
2024-11-23 22:01:19,331 - INFO - ==================================================
2024-11-23 22:01:19,331 - INFO - 处理视频 4/10
2024-11-23 22:01:19,332 - INFO - 文件: Video by myfoxfamily_official.mp4
2024-11-23 22:01:19,332 - INFO - ==================================================
2024-11-23 22:01:19,332 - INFO - 
步骤 1/2: 创建过渡画面
2024-11-23 22:01:19,783 - INFO -   √ 过渡画面添加成功
2024-11-23 22:01:19,783 - INFO - 
步骤 2/2: 加载视频
2024-11-23 22:01:20,655 - INFO -   √ 视频添加成功
2024-11-23 22:01:20,655 - INFO - ==================================================
2024-11-23 22:01:20,656 - INFO - 处理视频 5/10
2024-11-23 22:01:20,656 - INFO - 文件: Video by nfeline_billy_.mp4
2024-11-23 22:01:20,656 - INFO - ==================================================
2024-11-23 22:01:20,657 - INFO - 
步骤 1/2: 创建过渡画面
2024-11-23 22:01:21,099 - INFO -   √ 过渡画面添加成功
2024-11-23 22:01:21,099 - INFO - 
步骤 2/2: 加载视频
2024-11-23 22:01:21,952 - INFO -   √ 视频添加成功
2024-11-23 22:01:21,953 - INFO - ==================================================
2024-11-23 22:01:21,953 - INFO - 处理视频 6/10
2024-11-23 22:01:21,953 - INFO - 文件: Video by pubity.mp4
2024-11-23 22:01:21,954 - INFO - ==================================================
2024-11-23 22:01:21,954 - INFO - 
步骤 1/2: 创建过渡画面
2024-11-23 22:01:22,399 - INFO -   √ 过渡画面添加成功
2024-11-23 22:01:22,399 - INFO - 
步骤 2/2: 加载视频
2024-11-23 22:01:23,333 - INFO -   √ 视频添加成功
2024-11-23 22:01:23,334 - INFO - ==================================================
2024-11-23 22:01:23,334 - INFO - 处理视频 7/10
2024-11-23 22:01:23,334 - INFO - 文件: Video by tanya_tumilevich.mp4
2024-11-23 22:01:23,334 - INFO - ==================================================
2024-11-23 22:01:23,335 - INFO - 
步骤 1/2: 创建过渡画面
2024-11-23 22:01:23,783 - INFO -   √ 过渡画面添加成功
2024-11-23 22:01:23,784 - INFO - 
步骤 2/2: 加载视频
2024-11-23 22:01:24,670 - INFO -   √ 视频添加成功
2024-11-23 22:01:24,671 - INFO - ==================================================
2024-11-23 22:01:24,671 - INFO - 处理视频 8/10
2024-11-23 22:01:24,671 - INFO - 文件: Video by technology.mp4
2024-11-23 22:01:24,671 - INFO - ==================================================
2024-11-23 22:01:24,672 - INFO - 
步骤 1/2: 创建过渡画面
2024-11-23 22:01:25,118 - INFO -   √ 过渡画面添加成功
2024-11-23 22:01:25,119 - INFO - 
步骤 2/2: 加载视频
2024-11-23 22:01:25,996 - INFO -   √ 视频添加成功
2024-11-23 22:01:25,997 - INFO - ==================================================
2024-11-23 22:01:25,997 - INFO - 处理视频 9/10
2024-11-23 22:01:25,997 - INFO - 文件: Video by xrcat1.mp4
2024-11-23 22:01:25,997 - INFO - ==================================================
2024-11-23 22:01:25,998 - INFO - 
步骤 1/2: 创建过渡画面
2024-11-23 22:01:26,440 - INFO -   √ 过渡画面添加成功
2024-11-23 22:01:26,440 - INFO - 
步骤 2/2: 加载视频
2024-11-23 22:01:27,297 - INFO -   √ 视频添加成功
2024-11-23 22:01:27,297 - INFO - ==================================================
2024-11-23 22:01:27,298 - INFO - 处理视频 10/10
2024-11-23 22:01:27,298 - INFO - 文件: Video by y24thspoke.mp4
2024-11-23 22:01:27,298 - INFO - ==================================================
2024-11-23 22:01:27,298 - INFO - 
步骤 1/2: 创建过渡画面
2024-11-23 22:01:27,743 - INFO -   √ 过渡画面添加成功
2024-11-23 22:01:27,743 - INFO - 
步骤 2/2: 加载视频
2024-11-23 22:01:28,596 - INFO -   √ 视频添加成功
2024-11-23 22:01:28,596 - INFO - 
添加最终过渡画面
2024-11-23 22:01:29,056 - INFO -   √ 最终过渡画面添加成功
2024-11-23 22:01:29,056 - INFO - 
=== 最终合并 ===
2024-11-23 22:01:29,057 - INFO - - 待合并片段数: 21
2024-11-23 22:01:29,057 - INFO - - 输出文件: C:\Users\Bugco\Desktop\insGenerate\11-23\11-23-final.mp4
2024-11-23 22:01:29,140 - INFO -   √ 片段合并成功
2024-11-23 22:01:29,141 - INFO - 
写入最终文件...
2024-11-23 22:02:28,105 - INFO -   √ 文件写入成功
2024-11-23 22:02:28,173 - INFO - 
=== 处理完成 ===
2024-11-23 22:02:28,174 - INFO - 输出文件: C:\Users\Bugco\Desktop\insGenerate\11-23\11-23-final.mp4
2024-11-23 22:30:57,659 - INFO - 开始测试过渡画面创建...
2024-11-23 22:30:58,132 - INFO - 第一个过渡画面创建成功
2024-11-23 22:30:58,591 - INFO - 第二个过渡画面创建成功
2024-11-23 22:30:58,592 - INFO - 测试完成
2024-11-23 22:32:08,889 - INFO - 开始测试过渡画面创建...
2024-11-23 22:32:09,360 - INFO - 第一个过渡画面创建成功
2024-11-23 22:32:09,806 - INFO - 第二个过渡画面创建成功
2024-11-23 22:32:09,806 - INFO - 测试完成
2024-11-23 22:33:48,491 - INFO - 
=== 测试过渡画面生成 ===
2024-11-23 22:33:48,501 - INFO - 
1. 测试普通过渡画面
2024-11-23 22:33:48,966 - ERROR - 
测试过程出错: No 'fps' (frames per second) attribute specified for function write_videofile and the clip has no 'fps' attribute. Either provide e.g. fps=24 in the arguments of the function, or define the clip's fps with `clip.fps=24`
2024-11-23 22:34:24,013 - INFO - 开始测试过渡画面创建...
2024-11-23 22:34:24,473 - INFO - 第一个过渡画面创建成功
2024-11-23 22:34:24,920 - INFO - 第二个过渡画面创建成功
2024-11-23 22:34:24,920 - INFO - 测试完成
2024-11-23 22:35:55,817 - INFO - 开始测试过渡画面创建...
2024-11-23 22:35:56,286 - INFO - 第一个过渡画面创建成功
2024-11-23 22:35:56,735 - INFO - 第二个过渡画面创建成功
2024-11-23 22:35:56,735 - INFO - 测试完成
2024-11-23 22:49:39,065 - INFO - 开始测试过渡画面创建...
2024-11-23 22:49:39,531 - INFO - 第一个过渡画面创建成功
2024-11-23 22:49:39,977 - INFO - 第二个过渡画面创建成功
2024-11-23 22:49:39,978 - INFO - 测试完成
2024-11-23 22:49:54,471 - INFO - 开始测试过渡画面创建...
2024-11-23 22:49:54,941 - INFO - 第一个过渡画面创建成功
2024-11-23 22:49:55,408 - INFO - 第二个过渡画面创建成功
2024-11-23 22:49:55,408 - INFO - 测试完成
2024-11-23 22:53:18,724 - INFO - 开始测试过渡画面创建...
2024-11-23 22:53:19,195 - INFO -   √ 第一个过渡画面创建成功
2024-11-23 22:53:19,646 - INFO -   √ 第二个过渡画面创建成功
2024-11-23 22:53:20,116 - INFO -   √ 最终过渡画面创建成功
2024-11-23 22:53:20,117 - INFO - 
=== 测试完成 ===
2024-11-23 22:53:20,117 - INFO - 生成的测试文件：
2024-11-23 22:53:20,118 - INFO - 1. test_transition.mp4 - 第一个过渡画面（带标题和作者）
2024-11-23 22:53:20,118 - INFO - 2. test_transition2.mp4 - 普通过渡画面
2024-11-23 22:53:20,118 - INFO - 3. test_final_transition.mp4 - 最终过渡画面（点赞关注）
2024-11-23 22:55:06,174 - INFO - 开始测试过渡画面创建...
2024-11-23 22:55:06,640 - INFO -   √ 第一个过渡画面创建成功
2024-11-23 22:55:07,088 - INFO -   √ 第二个过渡画面创建成功
2024-11-23 22:55:07,559 - INFO -   √ 最终过渡画面创建成功
2024-11-23 22:55:07,559 - INFO - 
=== 测试完成 ===
2024-11-23 22:55:07,560 - INFO - 生成的测试文件：
2024-11-23 22:55:07,560 - INFO - 1. test_transition.mp4 - 第一个过渡画面（带标题和作者）
2024-11-23 22:55:07,560 - INFO - 2. test_transition2.mp4 - 普通过渡画面
2024-11-23 22:55:07,560 - INFO - 3. test_final_transition.mp4 - 最终过渡画面（点赞关注）
2024-11-23 22:56:42,075 - INFO - 开始测试过渡画面创建...
2024-11-23 22:56:42,535 - INFO -   √ 第一个过渡画面创建成功
2024-11-23 22:56:42,990 - INFO -   √ 第二个过渡画面创建成功
2024-11-23 22:56:43,453 - INFO -   √ 最终过渡画面创建成功
2024-11-23 22:56:43,453 - INFO - 
=== 测试完成 ===
2024-11-23 22:56:43,454 - INFO - 生成的测试文件：
2024-11-23 22:56:43,454 - INFO - 1. test_transition.mp4 - 第一个过渡画面（带标题和作者）
2024-11-23 22:56:43,454 - INFO - 2. test_transition2.mp4 - 普通过渡画面
2024-11-23 22:56:43,455 - INFO - 3. test_final_transition.mp4 - 最终过渡画面（点赞关注）
2024-11-23 22:57:40,124 - INFO - 开始测试过渡画面创建...
2024-11-23 22:57:40,599 - INFO -   √ 第一个过渡画面创建成功
2024-11-23 22:57:41,071 - INFO -   √ 第二个过渡画面创建成功
2024-11-23 22:57:41,574 - INFO -   √ 最终过渡画面创建成功
2024-11-23 22:57:41,574 - INFO - 
=== 测试完成 ===
2024-11-23 22:57:41,575 - INFO - 生成的测试文件：
2024-11-23 22:57:41,575 - INFO - 1. test_transition.mp4 - 第一个过渡画面（带标题和作者）
2024-11-23 22:57:41,575 - INFO - 2. test_transition2.mp4 - 普通过渡画面
2024-11-23 22:57:41,576 - INFO - 3. test_final_transition.mp4 - 最终过渡画面（点赞关注）
2024-11-23 23:00:42,383 - INFO - 开始测试过渡画面创建...
2024-11-23 23:00:42,863 - INFO -   √ 第一个过渡画面创建成功
2024-11-23 23:00:43,310 - INFO -   √ 第二个过渡画面创建成功
2024-11-23 23:00:43,795 - INFO -   √ 最终过渡画面创建成功
2024-11-23 23:00:43,795 - INFO - 
=== 测试完成 ===
2024-11-23 23:00:43,795 - INFO - 生成的测试文件：
2024-11-23 23:00:43,796 - INFO - 1. test_transition.mp4 - 第一个过渡画面（带标题和作者）
2024-11-23 23:00:43,796 - INFO - 2. test_transition2.mp4 - 普通过渡画面
2024-11-23 23:00:43,796 - INFO - 3. test_final_transition.mp4 - 最终过渡画面（点赞关注）
